<?xml version="1.0" encoding="UTF-8"?>
<!-- Generated by org.testng.reporters.JUnitReportReporter -->
<testsuite hostname="DESKTOP-2URMIDR" failures="0" tests="1" name="NewTest" time="0.004" errors="0" timestamp="31 Mar 2019 00:33:48 GMT" skipped="0">
  <testcase classname="NewTest" name="f" time="0.004"/>
</testsuite> <!-- NewTest -->
