<?xml version="1.0" encoding="UTF-8"?>
<!-- Generated by org.testng.reporters.JUnitReportReporter -->
<testsuite hostname="DESKTOP-2URMIDR" failures="0" tests="6" name="com.funtionaltesting.Login" time="21.463" errors="0" timestamp="20 Apr 2019 05:46:12 GMT" skipped="0">
  <testcase classname="com.funtionaltesting.Login" name="read" time="0.000"/>
  <testcase classname="com.funtionaltesting.Login" name="read" time="0.000"/>
  <testcase classname="com.funtionaltesting.Login" name="read" time="0.000"/>
  <testcase classname="com.funtionaltesting.Login" name="login" time="3.870"/>
  <testcase classname="com.funtionaltesting.Login" name="login" time="3.569"/>
  <testcase classname="com.funtionaltesting.Login" name="login" time="14.024"/>
</testsuite> <!-- com.funtionaltesting.Login -->
