<?xml version="1.0" encoding="UTF-8"?>
<!-- Generated by org.testng.reporters.JUnitReportReporter -->
<testsuite hostname="DESKTOP-2URMIDR" failures="0" tests="1" name="com.funtionaltesting.PostImageMsg" time="27.665" errors="0" timestamp="15 Apr 2019 16:22:35 GMT" skipped="0">
  <testcase classname="com.funtionaltesting.PostImageMsg" name="loginlogout" time="27.665"/>
</testsuite> <!-- com.funtionaltesting.PostImageMsg -->
