<?xml version="1.0" encoding="UTF-8"?>
<!-- Generated by org.testng.reporters.JUnitReportReporter -->
<testsuite hostname="DESKTOP-2URMIDR" failures="0" tests="1" name="com.funtionaltesting.Messaging" time="21.746" errors="0" timestamp="15 Apr 2019 16:37:51 GMT" skipped="0">
  <testcase classname="com.funtionaltesting.Messaging" name="loginlogout" time="21.746"/>
</testsuite> <!-- com.funtionaltesting.Messaging -->
