<?xml version="1.0" encoding="UTF-8"?>
<!-- Generated by org.testng.reporters.JUnitReportReporter -->
<testsuite hostname="DESKTOP-2URMIDR" failures="0" tests="1" name="demoTestNG" time="0.002" errors="0" timestamp="31 Mar 2019 00:30:46 GMT" skipped="0">
  <testcase classname="demoTestNG" name="f" time="0.002"/>
</testsuite> <!-- demoTestNG -->
