<?xml version="1.0" encoding="UTF-8"?>
<!-- Generated by org.testng.reporters.JUnitReportReporter -->
<testsuite hostname="DESKTOP-2URMIDR" failures="0" tests="6" name="com.funtionaltesting.Login" time="10.274" errors="0" timestamp="15 Apr 2019 20:10:34 GMT" skipped="0">
  <testcase classname="com.funtionaltesting.Login" name="read" time="0.001"/>
  <testcase classname="com.funtionaltesting.Login" name="read" time="0.005"/>
  <testcase classname="com.funtionaltesting.Login" name="read" time="0.005"/>
  <testcase classname="com.funtionaltesting.Login" name="login" time="3.624"/>
  <testcase classname="com.funtionaltesting.Login" name="login" time="3.154"/>
  <testcase classname="com.funtionaltesting.Login" name="login" time="3.485"/>
</testsuite> <!-- com.funtionaltesting.Login -->
