<?xml version="1.0" encoding="UTF-8"?>
<!-- Generated by org.testng.reporters.JUnitReportReporter -->
<testsuite hostname="DESKTOP-2URMIDR" failures="0" tests="1" name="funtionaltesting.test1" time="0.007" errors="0" timestamp="31 Mar 2019 01:10:22 GMT" skipped="0">
  <testcase classname="funtionaltesting.test1" name="sum" time="0.007"/>
</testsuite> <!-- funtionaltesting.test1 -->
