<?xml version="1.0" encoding="UTF-8"?>
<!-- Generated by org.testng.reporters.JUnitReportReporter -->
<testsuite hostname="DESKTOP-2URMIDR" failures="0" tests="3" name="com.funtionaltesting.MessagingTest" time="63.946" errors="0" timestamp="13 Apr 2019 18:23:39 GMT" skipped="0">
  <testcase classname="com.funtionaltesting.MessagingTest" name="loginlogout" time="23.887"/>
  <testcase classname="com.funtionaltesting.MessagingTest" name="loginlogout" time="15.676"/>
  <testcase classname="com.funtionaltesting.MessagingTest" name="loginlogout" time="24.383"/>
</testsuite> <!-- com.funtionaltesting.MessagingTest -->
